<?xml version="1.0" encoding="UTF-8"?>
<testng-results ignored="1" total="2" passed="1" failed="0" skipped="0">
  <reporter-output>
  </reporter-output>
  <suite started-at="2024-05-29T13:07:49 IST" name="Default suite" finished-at="2024-05-29T13:09:56 IST" duration-ms="126861">
    <groups>
      <group name="SmokeTest">
        <method signature="CreateContactTest_BaseClass.CreateOrGBaseClass()[pri:0, instance:com.crm.contactTest.CreateContactTest_BaseClass@7f3b84b8]" name="CreateOrGBaseClass" class="com.crm.contactTest.CreateContactTest_BaseClass"/>
      </group> <!-- SmokeTest -->
      <group name="RegressionTest">
        <method signature="CreateContactTest_BaseClass.CreateOrGBaseClass()[pri:0, instance:com.crm.contactTest.CreateContactTest_BaseClass@7f3b84b8]" name="CreateOrGBaseClass" class="com.crm.contactTest.CreateContactTest_BaseClass"/>
      </group> <!-- RegressionTest -->
    </groups>
    <test started-at="2024-05-29T13:07:49 IST" name="Default test" finished-at="2024-05-29T13:09:56 IST" duration-ms="126861">
      <class name="com.crm.contactTest.CreateContactTest_BaseClass">
        <test-method is-config="true" signature="configBeforeSuite()[pri:0, instance:com.crm.contactTest.CreateContactTest_BaseClass@7f3b84b8]" started-at="2024-05-29T13:07:43 IST" name="configBeforeSuite" finished-at="2024-05-29T13:07:49 IST" duration-ms="5858" status="PASS">
          <reporter-output>
          </reporter-output>
        </test-method> <!-- configBeforeSuite -->
        <test-method is-config="true" signature="configBeforeClass()[pri:0, instance:com.crm.contactTest.CreateContactTest_BaseClass@7f3b84b8]" started-at="2024-05-29T13:07:49 IST" name="configBeforeClass" finished-at="2024-05-29T13:08:00 IST" duration-ms="10781" status="PASS">
          <reporter-output>
          </reporter-output>
        </test-method> <!-- configBeforeClass -->
        <test-method is-config="true" signature="configBM()[pri:0, instance:com.crm.contactTest.CreateContactTest_BaseClass@7f3b84b8]" started-at="2024-05-29T13:08:00 IST" name="configBM" finished-at="2024-05-29T13:08:12 IST" duration-ms="11863" status="PASS">
          <reporter-output>
          </reporter-output>
        </test-method> <!-- configBM -->
        <test-method signature="CreateOrGBaseClass()[pri:0, instance:com.crm.contactTest.CreateContactTest_BaseClass@7f3b84b8]" started-at="2024-05-29T13:08:12 IST" name="CreateOrGBaseClass" finished-at="2024-05-29T13:09:14 IST" duration-ms="62341" status="PASS">
          <reporter-output>
          </reporter-output>
        </test-method> <!-- CreateOrGBaseClass -->
        <test-method is-config="true" signature="configAM()[pri:0, instance:com.crm.contactTest.CreateContactTest_BaseClass@7f3b84b8]" started-at="2024-05-29T13:09:14 IST" name="configAM" finished-at="2024-05-29T13:09:53 IST" duration-ms="38652" status="PASS">
          <reporter-output>
          </reporter-output>
        </test-method> <!-- configAM -->
        <test-method is-config="true" signature="configAfterClass()[pri:0, instance:com.crm.contactTest.CreateContactTest_BaseClass@7f3b84b8]" started-at="2024-05-29T13:09:53 IST" name="configAfterClass" finished-at="2024-05-29T13:09:56 IST" duration-ms="3167" status="PASS">
          <reporter-output>
          </reporter-output>
        </test-method> <!-- configAfterClass -->
        <test-method is-config="true" signature="configAfterSuite()[pri:0, instance:com.crm.contactTest.CreateContactTest_BaseClass@7f3b84b8]" started-at="2024-05-29T13:09:56 IST" name="configAfterSuite" finished-at="2024-05-29T13:09:59 IST" duration-ms="2945" status="PASS">
          <reporter-output>
          </reporter-output>
        </test-method> <!-- configAfterSuite -->
      </class> <!-- com.crm.contactTest.CreateContactTest_BaseClass -->
    </test> <!-- Default test -->
  </suite> <!-- Default suite -->
</testng-results>
