<?xml version="1.0" encoding="UTF-8"?>
<!-- Generated by org.testng.reporters.JUnitXMLReporter -->
<testsuite ignored="0" hostname="FFE-Asha-R" failures="0" tests="2" name="TestRunner1-FireFox" time="120.118" errors="0" timestamp="2024-05-18T15:59:26 IST">
  <testcase classname="com.crm.contactTest.CreateContactTest_BaseClass" name="CreateContact" time="40.383"/>
  <testcase classname="com.crm.contactTest.CreateContactTest_BaseClass" name="CreateOrGBaseClass" time="33.935"/>
</testsuite> <!-- TestRunner1-FireFox -->
