<?xml version="1.0" encoding="UTF-8"?>
<!-- Generated by org.testng.reporters.JUnitXMLReporter -->
<testsuite ignored="0" hostname="FFE-Asha-R" failures="0" tests="2" name="TestRunner2-Chrome" time="115.057" errors="0" timestamp="2024-05-18T15:59:21 IST">
  <testcase classname="com.crm.contactTest.CreateContactTest_BaseClass" name="CreateContact" time="38.722"/>
  <testcase classname="com.crm.contactTest.CreateContactTest_BaseClass" name="CreateOrGBaseClass" time="35.219"/>
</testsuite> <!-- TestRunner2-Chrome -->
